-------------------------------------------------------------------------------
Test set: BuscadorTestCase
-------------------------------------------------------------------------------
Tests run: 4, Failures: 0, Errors: 1, Skipped: 0, Time elapsed: 0.103 s <<< FAILURE! - in BuscadorTestCase
testDevolverUltimoElemento  Time elapsed: 0.01 s  <<< ERROR!
java.lang.ArrayIndexOutOfBoundsException: Index 3 out of bounds for length 3
	at BuscadorTestCase.testDevolverUltimoElemento(BuscadorTestCase.java:42)

